0.037217 128
0.316202 14
0.448372 160
0.004930 14
0.010639 345
0.651968 345
0.570596 345
0.569390 345
0.581707 83
0.000049 23
3.894597 17
0.001707 12
0.000809 121
0.104731 9
0.000037 76
0.000009 2
0.898869 103
0.002633 92
0.114485 122
0.002908 25
0.000359 2
0.001100 24
0.001004 95
0.038754 95
0.000063 27
0.000449 27
0.006511 45
0.006474 13
0.006420 61
0.000839 24
0.000256 24
0.060285 80
0.006161 15
0.022157 14
0.007837 13
0.030431 15
0.001181 14
0.019444 13
0.026238 15
0.022918 14
0.007317 13
0.021883 15
0.024575 14
0.010234 13
0.019929 15
0.040000 14
0.008161 11
0.000591 2
0.042661 15
0.020940 14
0.003511 13
0.025093 15
0.046690 14
0.013557 11
0.000601 2
0.034074 13
0.000740 2
0.026336 14
0.008858 13
0.042366 15
0.005855 14
0.009992 13
0.016601 15
0.048546 14
0.012044 14
0.000320 17
0.000591 17
0.058771 183
0.000738 9
0.000979 41
0.545587 77
0.002223 106
0.019830 381
0.000249 9
