0.032855 128
1.386578 1
0.101409 1
0.100587 1
0.043193 1
0.074372 1
0.111653 1
0.110077 1
0.103869 1
0.149846 1
0.195118 2
0.006429 9
0.000365 90
0.000199 20
2.312486 18
0.000659 116
0.033065 2
1.001372 11
0.013222 61
0.001620 69
0.001269 1301
0.999959 50
1.000312 20
0.015698 54
1.000177 75
1.000295 21
0.000587 68
1.000114 20
0.014936 54
1.000219 20
0.000325 66
1.000290 71
0.000029 4
1.000286 75
1.000373 50
1.000466 20
0.014317 52
0.000827 2
1.987729 2
0.000023 14
0.103475 42
0.245232 9
0.000338 128
2.959092 6
