0.025599 128
0.377611 1
0.094677 1
0.151377 1
0.101777 1
0.205533 1
0.116319 1
0.087931 1
0.108313 1
0.064189 1
0.079656 1
0.310549 5
0.300333 2
0.000528 190
0.003156 95
0.006257 14
0.002397 345
0.317325 357
0.410343 345
0.323163 345
0.512396 345
0.312711 106
3.331775 17
0.000281 49
0.035462 49
0.036007 12
0.001543 109
0.086779 9
0.000214 76
0.000297 2
0.923229 201
0.044483 147
0.000362 2
0.000971 24
0.002233 95
0.016290 122
0.000275 27
0.000247 45
0.209047 59
0.000067 2
0.294705 24
0.100155 24
0.045466 2
0.931454 3
0.984764 3
1.080233 3
0.980357 3
0.966453 3
0.979177 3
1.026924 3
1.027254 3
0.876373 3
1.575262 3
0.485488 3
0.993599 3
0.999940 3
1.565953 3
0.476025 3
1.514102 3
0.431825 3
1.055826 5
0.036908 5
0.983738 5
0.046386 5
0.025712 5
1.542051 6
1.230128 6
0.567941 6
0.090071 10
0.000648 2
0.074171 40
1.608976 14
0.000531 2
0.085174 24
0.091060 22
0.000585 2
0.053729 2
1.002103 3
1.001793 3
1.001731 3
1.002093 3
1.002938 3
1.003086 3
1.002003 3
1.002229 3
1.002681 3
1.008437 3
1.002097 3
1.003018 3
1.003076 3
1.001056 3
0.995522 3
0.996826 3
0.997788 3
0.998809 5
0.998715 5
0.999214 6
0.999768 6
0.145138 11
0.000064 2
0.000020 25
0.000014 2
0.197034 22
0.000063 2
0.119457 24
0.538260 12
0.000095 18
1.068390 3
0.150293 3
0.127983 3
0.074694 3
0.000612 3
0.563010 3
0.272138 3
1.103481 3
0.216084 3
0.187958 3
0.203374 32
0.012511 3
0.759751 3
0.144213 3
0.134408 3
0.222330 3
0.256634 3
0.559247 3
0.192862 5
0.753587 5
0.005555 5
1.299072 6
2.237258 6
0.274828 12
0.000396 17
0.073962 11
0.000044 2
0.000134 15
0.000012 2
0.075140 67
0.000453 2
0.001298 10
0.000086 2
0.000044 27
0.000019 2
0.000054 17
0.000018 2
0.000078 20
0.000061 2
0.036795 45
0.000091 20
0.000803 63
0.254242 137
0.000055 2
0.000030 49
0.000014 2
0.000080 7
0.000039 2
