0.038034 128
0.475678 15
1.333492 114
3.040271 405
0.001323 115
0.005318 345
0.002240 115
5.207877 45
0.005929 2
0.000408 47
0.001552 47
0.012519 47
0.023518 47
0.000119 47
0.012868 45
0.000108 2
0.000463 47
0.056464 47
0.005849 47
0.011622 47
0.117099 16
0.032192 14
0.000924 2
0.000829 47
0.015058 14
0.002455 2
0.020945 14
0.002632 2
0.021257 16
0.071273 14
0.002191 2
4.898038 17
0.000581 14
9.939091 36
0.040036 36
0.055870 36
0.011302 36
0.052326 16
0.002071 2
0.015981 36
0.035784 16
0.002477 2
0.100249 18
0.095826 16
0.002127 2
0.049697 16
0.002071 2
14.701002 14
0.051750 14
0.098123 14
0.098092 14
0.051597 14
9.014297 870
3.769146 1
0.177537 1
0.081584 1
0.082251 1
0.779861 1
0.654407 4
0.171110 4
0.163789 4
0.161297 4
0.139329 4
0.115179 1
0.046290 1
0.152765 1
0.588936 1
0.903927 1
0.239317 130
0.492340 1
0.103248 1
0.080945 1
0.091206 1
0.161010 1
0.100010 1
0.100311 1
0.203214 1
0.093811 1
0.170185 1
0.202969 1
0.133334 1
0.144035 1
0.232060 1
0.354038 1
0.331533 1
0.146639 1
0.127946 1
0.097241 1
0.266472 1
0.177175 1
3.209982 1
0.292933 1
0.125357 1
0.207857 2
0.645320 1
0.265234 1
1.152861 4
0.138931 4
0.312539 1
0.274628 4
0.189468 1
0.076964 1
0.222676 1
0.190731 1
0.249021 1
0.402985 1
0.363844 4
0.148831 1
0.564314 1
0.219127 1
0.138674 1
0.456632 1
0.726157 178
1.016406 34
0.278259 1
0.500826 1
0.085569 1
0.082641 1
0.084127 1
0.215151 1
0.504844 1
0.080753 1
0.083602 1
0.086293 1
0.083681 1
0.082158 1
0.082258 1
0.087389 1
0.081859 1
0.164643 1
0.273019 1
0.176865 5
0.803385 5
0.096617 5
0.402644 51
0.467233 1
0.148020 1
0.107652 1
0.301594 4
0.165122 4
0.148145 4
0.221834 1
0.114997 1
0.073761 1
0.083286 1
0.157909 1
0.074169 1
0.158214 2
0.002257 17
0.000210 2
0.000023 21
0.000014 2
0.000009 21
0.000010 2
0.000010 27
0.000034 2
0.000026 41
0.000012 2
0.000010 19
0.000010 2
0.000011 22
0.000010 2
0.000010 46
0.000010 2
0.000024 58
0.000012 2
0.000024 58
0.000144 2
0.000013 58
0.000014 2
0.000010 58
0.000009 2
0.000025 58
0.000031 2
0.000013 64
0.000111 2
0.000017 12
0.000009 2
0.000009 17
0.000008 2
0.000008 21
0.000010 2
0.000009 12
0.000009 2
0.000009 12
0.000009 2
0.000010 17
0.000009 2
0.000010 21
0.000010 2
0.000010 12
0.000010 2
0.000010 12
0.000010 2
0.000011 12
0.000010 2
0.000010 17
0.000009 2
0.000011 21
0.000009 2
0.000010 12
0.000009 2
0.000011 12
0.000010 2
0.000009 17
0.000011 2
0.000010 21
0.000010 2
0.000010 12
0.000010 2
0.000011 12
0.000011 2
0.000009 12
0.000011 2
0.000010 17
0.000011 2
0.000011 21
0.000010 2
0.000011 46
0.000011 2
0.000011 58
0.000010 2
0.000042 58
0.000043 2
0.000009 58
0.000010 2
0.000010 58
0.000034 2
0.000011 58
0.000009 2
0.000039 64
0.000011 2
0.000009 12
0.000010 2
0.000010 17
0.000010 2
0.000010 21
0.000031 2
0.000010 12
0.000010 2
0.000010 12
0.000040 2
0.000011 17
0.000011 2
0.000010 21
0.000010 2
0.000036 12
0.000010 2
0.000009 12
0.000010 2
0.000011 12
0.000010 2
0.000010 17
0.000011 2
0.000010 21
0.000011 2
0.000009 12
0.000012 2
0.000010 12
0.000010 2
0.000011 12
0.000012 2
0.002545 17
0.000024 2
0.000009 21
0.000009 2
0.000010 21
0.000009 2
0.000012 27
0.000010 2
0.000009 41
0.000007 2
0.000006 21
0.000007 2
0.000007 27
0.000006 2
0.000006 41
0.000007 2
0.000007 21
0.000007 2
0.000006 27
0.000006 2
0.000009 41
0.000007 2
0.000006 19
0.000006 2
0.000007 22
0.000007 2
0.000007 46
0.000006 2
0.000007 58
0.000007 2
0.000007 58
0.000006 2
0.000007 58
0.000007 2
0.000007 64
0.000007 2
0.000008 64
0.000011 2
0.000013 64
0.000012 2
0.000011 12
0.000011 2
0.000011 17
0.000011 2
0.000012 21
0.000011 2
0.000010 12
0.000012 2
0.000011 17
0.000011 2
0.000012 21
0.000011 2
0.000011 12
0.000011 2
0.000010 12
0.000011 2
0.000011 17
0.000010 2
0.000012 21
0.000010 2
0.000011 12
0.000011 2
0.000010 17
0.000010 2
0.000013 21
0.000010 2
0.000011 12
0.000014 2
0.000011 12
0.000010 2
0.000010 17
0.000011 2
0.000012 21
0.000010 2
0.000011 46
0.000010 2
0.000011 58
0.000010 2
0.000009 58
0.000011 2
0.000010 58
0.000010 2
0.000010 64
0.000008 2
0.000007 64
0.000006 2
0.000006 64
0.000007 2
0.000007 12
0.000006 2
0.000007 17
0.000006 2
0.000007 21
0.000006 2
0.000007 12
0.000006 2
0.000095 17
0.000007 2
0.000007 21
0.000006 2
0.000007 12
0.000006 2
0.000007 12
0.000006 2
0.000006 17
0.000007 2
0.000007 21
0.000006 2
0.000006 12
0.000007 2
0.000006 12
0.000007 2
0.001423 17
0.000045 2
0.000008 21
0.000006 2
0.000007 21
0.000006 2
0.000007 27
0.000006 2
0.000006 41
0.000007 2
0.000006 21
0.000006 2
0.000007 27
0.000006 2
0.000006 41
0.000007 2
0.000006 21
0.000007 2
0.000006 27
0.000007 2
0.000007 41
0.000006 2
0.000006 19
0.000007 2
0.000006 22
0.000007 2
0.000007 46
0.000006 2
0.000006 58
0.000007 2
0.000006 58
0.000007 2
0.000006 58
0.000007 2
0.000006 64
0.000006 2
0.000007 64
0.000006 2
0.000007 64
0.000006 2
0.000006 12
0.000007 2
0.000006 12
0.000007 2
0.000006 17
0.000007 2
0.000006 21
0.000009 2
0.000009 12
0.000013 2
0.000009 17
0.000009 2
0.000009 21
0.000009 2
0.000008 12
0.000009 2
0.000009 17
0.000010 2
0.000009 21
0.000007 2
0.000007 12
0.000007 2
0.000007 12
0.000010 2
0.000008 17
0.000010 2
0.000010 21
0.000062 2
0.000008 12
0.000007 2
0.000007 17
0.000006 2
0.000008 21
0.000006 2
0.000006 46
0.000007 2
0.000007 58
0.000006 2
0.000007 58
0.000006 2
0.000007 58
0.000006 2
0.000033 64
0.000007 2
0.000006 64
0.000007 2
0.000006 64
0.000006 2
0.000007 12
0.000006 2
0.000006 12
0.000007 2
0.000006 17
0.000006 2
0.000007 21
0.000006 2
0.000007 12
0.000006 2
0.000007 17
0.000006 2
0.000006 21
0.000007 2
0.000006 12
0.000006 2
0.000007 17
0.000007 2
0.000006 21
0.000006 2
0.000007 12
0.000007 2
0.002196 17
0.000060 2
0.000043 21
0.000009 2
0.000009 21
0.000009 2
0.000008 27
0.000009 2
0.000009 41
0.000009 2
0.000009 19
0.000009 2
0.000009 22
0.000009 2
0.000009 46
0.000009 2
0.000009 58
0.000009 2
0.000009 58
0.000009 2
0.000008 58
0.000010 2
0.000009 58
0.000009 2
0.000009 58
0.000009 2
0.000009 64
0.000009 2
0.000008 12
0.000009 2
0.000009 12
0.000010 2
0.000009 12
0.000009 2
0.000009 17
0.000009 2
0.000009 21
0.000009 2
0.000008 12
0.000010 2
0.000009 12
0.000009 2
0.000009 17
0.000008 2
0.000010 21
0.000009 2
0.000009 12
0.000009 2
0.000009 17
0.000009 2
0.000009 21
0.000008 2
0.000010 12
0.000009 2
0.000009 12
0.000009 2
0.000009 12
0.000009 2
0.000009 17
0.000010 2
0.000009 21
0.000010 2
0.000009 12
0.000010 2
0.000010 12
0.000010 2
0.000009 17
0.000009 2
0.000010 21
0.000009 2
0.000009 46
0.000009 2
0.000009 58
0.000009 2
0.000009 58
0.000010 2
0.000010 58
0.000009 2
0.000010 58
0.000009 2
0.000010 58
0.000010 2
0.000010 64
0.000010 2
0.000010 12
0.000010 2
0.000009 12
0.000009 2
0.000009 12
0.000011 2
0.000011 17
0.000009 2
0.000011 21
0.000011 2
0.000009 12
0.000010 2
0.000010 12
0.000011 2
0.000010 17
0.000010 2
0.000010 21
0.000011 2
0.000010 12
0.000010 2
0.000010 17
0.000010 2
0.000010 21
0.000010 2
0.000009 12
0.000010 2
0.000010 12
0.000012 2
0.002203 17
0.000048 2
0.000012 21
0.000009 2
0.000009 21
0.000009 2
0.000008 27
0.000009 2
0.000008 41
0.000010 2
0.000008 21
0.000009 2
0.000009 27
0.000008 2
0.000010 41
0.000009 2
0.000008 19
0.000009 2
0.000009 22
0.000009 2
0.000009 46
0.000010 2
0.000008 58
0.000010 2
0.000010 58
0.000009 2
0.000010 58
0.000009 2
0.000009 58
0.000009 2
0.000010 64
0.000009 2
0.000010 64
0.000009 2
0.000010 12
0.000008 2
0.000010 12
0.000008 2
0.000007 17
0.000007 2
0.000006 21
0.000007 2
0.000006 12
0.000006 2
0.000008 17
0.000006 2
0.000007 21
0.000007 2
0.000007 12
0.000006 2
0.000007 12
0.000006 2
0.000007 17
0.000007 2
0.000006 21
0.000007 2
0.000006 12
0.000008 2
0.000068 12
0.000022 2
0.000009 12
0.000007 2
0.000006 17
0.000006 2
0.000007 21
0.000006 2
0.000007 12
0.000008 2
0.003361 17
0.000094 2
0.000018 21
0.000009 2
0.000010 21
0.000009 2
0.000010 27
0.000010 2
0.000009 41
0.000011 2
0.000009 21
0.000009 2
0.000011 27
0.000009 2
0.000010 41
0.000011 2
0.000009 19
0.000010 2
0.000010 22
0.000011 2
0.000011 46
0.000011 2
0.000010 58
0.000011 2
0.000011 58
0.000009 2
0.000011 58
0.000010 2
0.000010 58
0.000010 2
0.000009 64
0.000010 2
0.000012 64
0.000010 2
0.000010 12
0.000010 2
0.000011 12
0.000010 2
0.000010 12
0.000010 2
0.000055 17
0.000054 2
0.000011 21
0.000009 2
0.000009 12
0.000010 2
0.000011 12
0.000009 2
0.000092 17
0.000011 2
0.000024 21
0.000008 2
0.000032 12
0.000009 2
0.000006 17
0.000007 2
0.000006 21
0.000006 2
0.000007 12
0.000007 2
0.000006 12
0.000007 2
0.000006 17
0.000007 2
0.000006 21
0.000006 2
0.000007 12
0.000006 2
0.000006 17
0.000007 2
0.000006 21
0.000006 2
0.000007 46
0.000006 2
0.000007 58
0.000006 2
0.000007 58
0.000006 2
0.000006 58
0.000007 2
0.000007 58
0.000007 2
0.000006 64
0.000007 2
0.000006 64
0.000006 2
0.000007 12
0.000006 2
0.000007 12
0.000006 2
0.000007 12
0.000006 2
0.000006 17
0.000007 2
0.000006 21
0.000007 2
0.000006 12
0.000006 2
0.000007 12
0.000007 2
0.000006 17
0.000007 2
0.000006 21
0.000007 2
0.000006 12
0.000007 2
0.000006 17
0.000007 2
0.000006 21
0.000007 2
0.000006 12
0.000007 2
0.000006 12
0.000007 2
0.000302 128
3.294528 6
