0.034245 128
0.673089 14
0.595097 2
0.000485 89
0.000239 23
2.571978 29
0.001389 74
0.051612 95
0.015137 140
0.935692 23
0.008597 34
1.008007 86
0.063850 21
0.000646 2
0.000225 27
0.000590 2
0.000316 41
0.000248 2
0.017715 21
0.000449 2
0.000268 27
0.000570 2
0.000527 41
0.001447 2
0.001671 19
0.001096 2
0.000564 22
0.000187 2
0.913138 12
0.006084 72
0.000727 2
0.105704 21
0.000694 2
0.000697 27
0.000372 2
0.001015 41
0.000585 2
0.000363 19
0.000723 2
0.000384 22
0.000634 2
0.891925 62
0.000597 124
0.085125 2
1.000651 24
0.016225 95
0.000511 45
0.002954 2
1.000345 17
0.000515 55
0.000285 45
0.000563 2
0.002378 47
0.004317 45
0.002492 2
0.005046 47
0.001373 45
0.001096 2
0.005761 45
0.976570 8
0.015856 45
0.984423 8
0.035274 45
0.971961 8
0.028165 45
0.003409 2
1.000421 16
0.000478 236
0.999775 26
0.017602 2
0.066405 12
0.933753 17
0.000567 8
1.000966 8
1.000448 6
0.000032 2
1.000913 6
0.000032 2
1.002660 9
0.000439 2
0.000592 2
1.000545 14
0.000578 2
0.000416 46
0.000159 2
0.000107 58
0.000097 2
0.000087 58
0.000086 2
0.000091 64
0.000081 2
0.000294 2
1.000626 8
0.000409 2
5.017765 2
1.001007 14
0.000532 2
0.000255 46
0.000201 2
0.000332 59
0.000197 2
0.000276 59
0.000351 2
0.000305 64
0.000224 2
0.000244 2
1.000994 9
0.000352 2
20.013560 2
1.000063 14
0.005236 2
0.002567 116
1.000497 69
0.008861 2
0.092328 95
0.020315 140
0.887500 10
3.021019 2
1.000292 15
0.000034 2
0.000416 8
0.008779 45
0.000047 2
0.019696 45
0.000036 2
0.005847 45
0.965789 8
0.020090 45
0.980004 8
0.056062 45
0.944031 8
0.037291 45
0.000611 2
4.389726 2
0.005530 14
0.003139 99
0.000041 2
0.000285 17
0.002486 2
0.000102 20
0.000008 2
0.227492 79
0.037287 63
0.000170 2
0.000013 12
0.000007 2
0.050759 79
0.085185 144
0.000035 2
0.000011 49
0.000007 2
0.000011 144
0.000006 2
0.000009 49
0.000006 2
0.000114 146
0.993641 6
