0.031525 130
0.122973 1
0.100971 1
0.191962 1
0.097646 1
0.227640 1
0.130882 1
0.063972 1
0.146793 1
0.088625 1
0.065187 1
0.063842 1
0.178479 4
0.352629 2
0.000661 193
0.005214 95
0.006814 14
0.002770 345
0.319871 357
0.440779 345
0.344374 345
0.428510 345
0.367768 107
2.361565 17
0.005768 263
0.002736 66
0.077987 22
0.000441 2
0.085779 22
0.000314 2
0.045449 24
0.016681 11
0.001439 2
0.008102 14
0.000199 2
0.042223 13
0.001753 2
0.026003 12
0.000631 2
0.010231 11
0.001066 2
0.065506 13
0.000247 2
0.022981 12
0.000282 2
0.009565 11
0.000190 2
0.031902 13
0.000894 2
0.031699 12
0.000217 2
0.008670 11
0.000404 2
0.042431 13
0.000209 2
0.022055 14
0.008396 11
0.000351 2
0.042203 13
0.000342 2
0.068896 14
0.004290 13
0.017130 15
0.026613 14
0.005429 13
0.031424 15
0.039066 12
0.000262 2
0.007438 11
0.000737 2
0.037474 13
0.000653 2
0.026360 12
0.000718 2
0.009672 11
0.001424 2
0.034278 13
0.000181 2
0.027379 12
0.000181 2
0.005874 11
0.000329 2
0.028980 13
0.001723 2
0.021345 12
0.000369 2
0.008626 14
0.035655 12
0.030599 82
0.000246 41
0.519747 9
