0.086718 128
1.074928 1
0.094327 1
0.137778 1
0.071879 1
0.028030 1
0.107794 1
0.308396 1
0.537419 1
0.134500 1
0.153892 1
0.229674 2
0.005000 9
0.000765 49
0.000129 2
0.000373 39
0.000182 20
2.781479 18
0.002085 264
0.004435 73
0.000660 2
0.001221 67
1.155734 60
0.002339 60
0.050262 24
0.003751 90
2.974633 33
0.095465 31
0.000447 2
0.007345 33
3.063942 33
0.034712 33
0.039973 33
2.577625 33
0.034647 33
0.028485 33
2.953856 33
0.041370 33
0.020244 33
2.968753 33
0.155315 31
0.000487 2
0.025444 31
0.000673 2
2.629119 33
0.103734 31
0.000546 2
0.009366 33
3.126123 33
0.125244 33
0.012335 33
2.911637 33
0.165567 33
0.020078 33
3.051691 33
0.161385 31
0.000051 2
0.032619 31
0.000065 2
0.587501 28
0.000033 2
0.722772 28
0.001313 2
0.257291 78
0.000780 78
0.101864 28
0.000036 2
0.718426 76
0.000034 2
0.083982 78
0.002237 234
0.000081 76
0.000011 2
0.000034 12
0.000009 2
0.080316 9
0.000643 42
0.245803 9
0.000921 128
2.454245 6
