0.030557 128
0.318699 1
0.140814 1
0.165594 1
0.065591 1
0.210298 1
0.093502 1
0.108712 1
0.128444 1
0.061774 1
0.216968 6
0.390436 114
4.146583 413
0.000949 64
0.001010 2
0.000568 64
0.000141 2
0.000047 64
0.000065 2
0.000187 64
0.002500 2
0.118852 2
0.053803 95
0.000658 21
0.000226 2
0.000161 27
0.000145 2
0.000080 41
0.000038 2
0.000091 19
0.000041 2
0.000192 22
0.000241 2
0.019201 95
0.000244 45
0.000506 21
0.000298 2
0.000155 27
0.000036 2
0.000049 41
0.000045 2
0.028519 95
0.029887 95
0.000464 45
0.026498 52
0.000317 43
0.000874 21
0.001581 2
0.000591 27
0.000383 2
0.001158 41
0.000269 2
0.000307 19
0.000204 2
0.000057 22
0.000035 2
0.023637 95
0.000413 45
0.808836 13
0.033565 21
0.000248 2
0.000059 27
0.000033 2
0.000035 41
0.000029 2
0.021071 21
0.000377 2
0.000092 27
0.000043 2
0.000047 41
0.000036 2
0.034054 21
0.000349 2
0.000074 27
0.000035 2
0.000039 41
0.000031 2
0.000529 2
1.000290 57
0.007342 2
1.000428 55
0.000620 2
1.000630 53
0.000551 2
1.000287 55
0.002204 2
1.000617 23
0.000551 2
0.021431 10
0.000513 2
0.000172 2
1.000633 21
0.000494 2
0.002027 2
0.014780 14
0.031795 14
0.040475 14
0.067514 12
0.000366 2
0.999876 23
0.012321 2
0.005941 10
0.000381 2
0.001136 2
0.032104 10
0.000495 2
0.000458 2
0.042830 10
0.004008 2
0.000700 2
1.000272 23
0.001912 2
0.000299 10
0.000359 2
0.000525 2
0.047671 10
0.000422 2
0.000498 2
1.000565 21
0.000544 2
0.000348 2
0.006373 10
0.000653 2
0.001197 2
0.032455 10
0.001186 2
0.001844 2
0.499220 6
1.575459 2
0.011395 12
0.000053 2
0.093989 17
0.000045 2
0.000091 20
0.000011 2
0.798693 1015
0.001029 146
0.800340 6
