0.030808 128
0.174149 31
0.184160 51
0.557642 33
0.402102 43
0.290231 48
0.277049 192
0.003887 95
0.008638 14
0.003453 345
0.334317 357
0.353841 345
0.354540 345
0.420806 345
0.298642 83
0.000033 23
2.618643 15
0.000530 2
0.001798 169
0.001462 92
0.005302 64
0.000242 2
0.097042 194
0.025570 173
0.001766 22
0.000674 2
0.009861 22
0.000254 2
0.475307 45
0.000623 16
0.001697 24
0.001964 24
0.001262 2
1.014804 3
1.004324 3
1.012282 3
0.996528 3
1.012598 3
1.016576 3
0.988459 3
1.016887 3
1.004422 3
0.997186 3
1.004790 3
1.008922 3
1.011909 3
0.997549 3
1.025221 3
0.997184 3
0.996571 3
1.012581 5
0.000071 5
1.014576 5
0.000072 5
1.035430 5
0.000047 6
1.031024 6
0.000059 6
1.011597 12
0.007858 11
0.000030 2
0.000009 25
0.000007 2
0.007920 16
0.007957 22
0.000034 2
0.012178 24
0.000399 2
0.999954 3
1.006524 3
1.000088 3
1.000185 3
1.007199 3
1.000456 3
1.000409 3
1.007484 3
1.008262 3
1.008420 3
1.007527 3
1.001254 3
1.000833 3
1.000866 3
1.007795 3
1.000798 3
1.005943 3
1.011244 5
1.000983 5
1.001187 6
1.001244 6
0.058740 11
0.000058 2
0.000010 25
0.000007 2
0.027933 22
0.000036 2
0.011995 24
0.902362 12
0.000038 16
0.000236 2
0.042156 3
0.040053 3
0.031879 3
0.027844 3
0.028459 3
0.039944 3
0.047801 3
0.035940 3
0.028308 3
0.028137 3
0.024405 3
0.026394 3
0.021218 3
0.036062 3
0.035546 3
0.032453 3
0.043727 3
0.024389 5
0.000053 5
0.078065 5
0.000088 5
0.057731 5
0.000056 6
0.055708 6
0.000058 6
0.044049 12
0.000313 17
0.015971 11
0.000035 2
0.000239 15
0.000026 2
0.033690 69
0.000301 41
0.000368 41
0.273688 9
